Service-Mesh: install
NAME: consul
LAST DEPLOYED: Fri Sep 18 19:27:46 2020
NAMESPACE: service-mesh
STATUS: deployed
REVISION: 1
NOTES:
Thank you for installing HashiCorp Consul!

Now that you have deployed Consul, you should look over the docs on using 
Consul with Kubernetes available here: 

https://www.consul.io/docs/platform/k8s/index.html


Your release is named consul.

To learn more about the release if you are using Helm 2, run:

  $ helm status consul
  $ helm get consul

To learn more about the release if you are using Helm 3, run:

  $ helm status consul
  $ helm get all consul
Ingress: install
namespace/ingress-nginx configured
serviceaccount/ingress-nginx created
configmap/ingress-nginx-controller created
clusterrole.rbac.authorization.k8s.io/ingress-nginx created
clusterrolebinding.rbac.authorization.k8s.io/ingress-nginx created
role.rbac.authorization.k8s.io/ingress-nginx created
rolebinding.rbac.authorization.k8s.io/ingress-nginx created
service/ingress-nginx-controller-admission created
service/ingress-nginx-controller created
deployment.apps/ingress-nginx-controller created
validatingwebhookconfiguration.admissionregistration.k8s.io/ingress-nginx-admission created
clusterrole.rbac.authorization.k8s.io/ingress-nginx-admission created
clusterrolebinding.rbac.authorization.k8s.io/ingress-nginx-admission created
job.batch/ingress-nginx-admission-create created
job.batch/ingress-nginx-admission-patch created
role.rbac.authorization.k8s.io/ingress-nginx-admission created
rolebinding.rbac.authorization.k8s.io/ingress-nginx-admission created
serviceaccount/ingress-nginx-admission created
Logging: install-elasticsearch
NAME: elasticsearch
LAST DEPLOYED: Fri Sep 18 19:43:05 2020
NAMESPACE: logging
STATUS: deployed
REVISION: 1
NOTES:
1. Watch all cluster members come up.
  $ kubectl get pods --namespace=logging -l app=elasticsearch-master -w
2. Test cluster health using Helm test.
  $ helm test elasticsearch --cleanup
Logging: install-fluent-bit
NAME: fluent-bit
LAST DEPLOYED: Fri Sep 18 19:43:07 2020
NAMESPACE: logging
STATUS: deployed
REVISION: 1
NOTES:
Get Fluent Bit build information by running these commands:

export POD_NAME=$(kubectl get pods --namespace logging -l "app.kubernetes.io/name=fluent-bit,app.kubernetes.io/instance=fluent-bit" -o jsonpath="{.items[0].metadata.name}")
echo "curl http://127.0.0.1:2020 for Fluent Bit build information"
kubectl --namespace logging port-forward $POD_NAME 2020:2020
Logging: install-kibana
NAME: kibana
LAST DEPLOYED: Fri Sep 18 19:43:09 2020
NAMESPACE: logging
STATUS: deployed
REVISION: 1
TEST SUITE: None
Monitoring: install-grafana
NAME: prometheus
LAST DEPLOYED: Fri Sep 18 19:43:16 2020
NAMESPACE: monitoring
STATUS: deployed
REVISION: 1
TEST SUITE: None
NOTES:
The Prometheus server can be accessed via port 80 on the following DNS name from within your cluster:
prometheus-server.monitoring.svc.cluster.local


Get the Prometheus server URL by running these commands in the same shell:
  export POD_NAME=$(kubectl get pods --namespace monitoring -l "app=prometheus,component=server" -o jsonpath="{.items[0].metadata.name}")
  kubectl --namespace monitoring port-forward $POD_NAME 9090
#################################################################################
######   WARNING: Persistence is disabled!!! You will lose your data when   #####
######            the Server pod is terminated.                             #####
#################################################################################


#################################################################################
######   WARNING: Pod Security Policy has been moved to a global property.  #####
######            use .Values.podSecurityPolicy.enabled with pod-based      #####
######            annotations                                               #####
######            (e.g. .Values.nodeExporter.podSecurityPolicy.annotations) #####
#################################################################################


The Prometheus PushGateway can be accessed via port 9091 on the following DNS name from within your cluster:
prometheus-pushgateway.monitoring.svc.cluster.local


Get the PushGateway URL by running these commands in the same shell:
  export POD_NAME=$(kubectl get pods --namespace monitoring -l "app=prometheus,component=pushgateway" -o jsonpath="{.items[0].metadata.name}")
  kubectl --namespace monitoring port-forward $POD_NAME 9091

For more information on running Prometheus, visit:
https://prometheus.io/
Monitoring: install-grafana
NAME: grafana
LAST DEPLOYED: Fri Sep 18 19:43:19 2020
NAMESPACE: monitoring
STATUS: deployed
REVISION: 1
NOTES:
1. Get your 'admin' user password by running:

   kubectl get secret --namespace monitoring grafana -o jsonpath="{.data.admin-password}" | base64 --decode ; echo

2. The Grafana server can be accessed via port 80 on the following DNS name from within your cluster:

   grafana.monitoring.svc.cluster.local

   If you bind grafana to 80, please update values in values.yaml and reinstall:
   ```
   securityContext:
     runAsUser: 0
     runAsGroup: 0
     fsGroup: 0

   command:
   - "setcap"
   - "'cap_net_bind_service=+ep'"
   - "/usr/sbin/grafana-server &&"
   - "sh"
   - "/run.sh"
   ```
   Details refer to https://grafana.com/docs/installation/configuration/#http-port.
   Or grafana would always crash.

   From outside the cluster, the server URL(s) are:
     http://


3. Login with the password from step 1 and the username: admin
#################################################################################
######   WARNING: Persistence is disabled!!! You will lose your data when   #####
######            the Grafana pod is terminated.                            #####
#################################################################################
Secrets: install
NAME: vault
LAST DEPLOYED: Fri Sep 18 19:43:33 2020
NAMESPACE: secrets
STATUS: deployed
REVISION: 1
TEST SUITE: None
NOTES:
Thank you for installing HashiCorp Vault!

Now that you have deployed Vault, you should look over the docs on using
Vault with Kubernetes available here:

https://www.vaultproject.io/docs/


Your release is named vault. To learn more about the release, try:

  $ helm status vault
  $ helm get vault
